<?xml version="1.0" encoding="UTF-8"?>
<!-- Generated by org.testng.reporters.JUnitXMLReporter -->
<testsuite hostname="DESKTOP-F2LTFAU" ignored="6" tests="0" failures="0" timestamp="2020-10-04T17:10:14 ALMT" time="0.009" errors="0">
  <testcase name="test2" time="0.0" classname="com.review.class01.AnnotationRecap">
    <ignored/>
  </testcase> <!-- test2 -->
  <testcase name="test3" time="0.0" classname="com.review.class01.AnnotationRecap">
    <ignored/>
  </testcase> <!-- test3 -->
  <testcase name="addEmployee" time="0.0" classname="com.review.class01.AddEmployee">
    <ignored/>
  </testcase> <!-- addEmployee -->
  <testcase name="addSkillsToEmployee" time="0.0" classname="com.review.class01.AddEmployee">
    <ignored/>
  </testcase> <!-- addSkillsToEmployee -->
  <testcase name="test1" time="0.0" classname="com.review.class01.AnnotationRecap">
    <ignored/>
  </testcase> <!-- test1 -->
  <testcase name="loginValitation" time="0.0" classname="com.review.class01.Login">
    <ignored/>
  </testcase> <!-- loginValitation -->
</testsuite>
